This file contains any messages produced by compilers while
running configure, to aid debugging if configure makes a mistake.

It was created by avrdude configure 6.3-20160220, which was
generated by GNU Autoconf 2.69.  Invocation command line was

  $ ./configure 

## --------- ##
## Platform. ##
## --------- ##

hostname = raspberrypi
uname -m = armv7l
uname -r = 4.9.59-v7+
uname -s = Linux
uname -v = #1047 SMP Sun Oct 29 12:19:23 GMT 2017

/usr/bin/uname -p = unknown
/bin/uname -X     = unknown

/bin/arch              = unknown
/usr/bin/arch -k       = unknown
/usr/convex/getsysinfo = unknown
/usr/bin/hostinfo      = unknown
/bin/machine           = unknown
/usr/bin/oslevel       = unknown
/bin/universe          = unknown

PATH: /usr/local/sbin
PATH: /usr/local/bin
PATH: /usr/sbin
PATH: /usr/bin
PATH: /sbin
PATH: /bin
PATH: /usr/local/games
PATH: /usr/games


## ----------- ##
## Core tests. ##
## ----------- ##

configure:2402: checking build system type
configure:2416: result: armv7l-unknown-linux-gnueabihf
configure:2436: checking host system type
configure:2449: result: armv7l-unknown-linux-gnueabihf
configure:2469: checking target system type
configure:2482: result: armv7l-unknown-linux-gnueabihf
configure:2526: checking for a BSD-compatible install
configure:2594: result: /usr/bin/install -c
configure:2605: checking whether build environment is sane
configure:2660: result: yes
configure:2811: checking for a thread-safe mkdir -p
configure:2850: result: /bin/mkdir -p
configure:2857: checking for gawk
configure:2887: result: no
configure:2857: checking for mawk
configure:2873: found /usr/bin/mawk
configure:2884: result: mawk
configure:2895: checking whether make sets $(MAKE)
configure:2917: result: yes
configure:2946: checking whether make supports nested variables
configure:2963: result: yes
configure:3139: checking how to print strings
configure:3166: result: printf
configure:3199: checking for style of include used by make
configure:3227: result: GNU
configure:3298: checking for gcc
configure:3314: found /usr/bin/gcc
configure:3325: result: gcc
configure:3554: checking for C compiler version
configure:3563: gcc --version >&5
gcc (Raspbian 6.3.0-18+rpi1) 6.3.0 20170516
Copyright (C) 2016 Free Software Foundation, Inc.
This is free software; see the source for copying conditions.  There is NO
warranty; not even for MERCHANTABILITY or FITNESS FOR A PARTICULAR PURPOSE.

configure:3574: $? = 0
configure:3563: gcc -v >&5
Using built-in specs.
COLLECT_GCC=gcc
COLLECT_LTO_WRAPPER=/usr/lib/gcc/arm-linux-gnueabihf/6/lto-wrapper
Target: arm-linux-gnueabihf
Configured with: ../src/configure -v --with-pkgversion='Raspbian 6.3.0-18+rpi1' --with-bugurl=file:///usr/share/doc/gcc-6/README.Bugs --enable-languages=c,ada,c++,java,go,d,fortran,objc,obj-c++ --prefix=/usr --program-suffix=-6 --program-prefix=arm-linux-gnueabihf- --enable-shared --enable-linker-build-id --libexecdir=/usr/lib --without-included-gettext --enable-threads=posix --libdir=/usr/lib --enable-nls --with-sysroot=/ --enable-clocale=gnu --enable-libstdcxx-debug --enable-libstdcxx-time=yes --with-default-libstdcxx-abi=new --enable-gnu-unique-object --disable-libitm --disable-libquadmath --enable-plugin --with-system-zlib --disable-browser-plugin --enable-java-awt=gtk --enable-gtk-cairo --with-java-home=/usr/lib/jvm/java-1.5.0-gcj-6-armhf/jre --enable-java-home --with-jvm-root-dir=/usr/lib/jvm/java-1.5.0-gcj-6-armhf --with-jvm-jar-dir=/usr/lib/jvm-exports/java-1.5.0-gcj-6-armhf --with-arch-directory=arm --with-ecj-jar=/usr/share/java/eclipse-ecj.jar --with-target-system-zlib --enable-objc-gc=auto --enable-multiarch --disable-sjlj-exceptions --with-arch=armv6 --with-fpu=vfp --with-float=hard --enable-checking=release --build=arm-linux-gnueabihf --host=arm-linux-gnueabihf --target=arm-linux-gnueabihf
Thread model: posix
gcc version 6.3.0 20170516 (Raspbian 6.3.0-18+rpi1) 
configure:3574: $? = 0
configure:3563: gcc -V >&5
gcc: error: unrecognized command line option '-V'
gcc: fatal error: no input files
compilation terminated.
configure:3574: $? = 1
configure:3563: gcc -qversion >&5
gcc: error: unrecognized command line option '-qversion'; did you mean '--version'?
gcc: fatal error: no input files
compilation terminated.
configure:3574: $? = 1
configure:3594: checking whether the C compiler works
configure:3616: gcc    conftest.c  >&5
configure:3620: $? = 0
configure:3668: result: yes
configure:3671: checking for C compiler default output file name
configure:3673: result: a.out
configure:3679: checking for suffix of executables
configure:3686: gcc -o conftest    conftest.c  >&5
configure:3690: $? = 0
configure:3712: result: 
configure:3734: checking whether we are cross compiling
configure:3742: gcc -o conftest    conftest.c  >&5
configure:3746: $? = 0
configure:3753: ./conftest
configure:3757: $? = 0
configure:3772: result: no
configure:3777: checking for suffix of object files
configure:3799: gcc -c   conftest.c >&5
configure:3803: $? = 0
configure:3824: result: o
configure:3828: checking whether we are using the GNU C compiler
configure:3847: gcc -c   conftest.c >&5
configure:3847: $? = 0
configure:3856: result: yes
configure:3865: checking whether gcc accepts -g
configure:3885: gcc -c -g  conftest.c >&5
configure:3885: $? = 0
configure:3926: result: yes
configure:3943: checking for gcc option to accept ISO C89
configure:4006: gcc  -c -g -O2  conftest.c >&5
configure:4006: $? = 0
configure:4019: result: none needed
configure:4044: checking whether gcc understands -c and -o together
configure:4066: gcc -c conftest.c -o conftest2.o
configure:4069: $? = 0
configure:4066: gcc -c conftest.c -o conftest2.o
configure:4069: $? = 0
configure:4081: result: yes
configure:4100: checking dependency style of gcc
configure:4211: result: gcc3
configure:4226: checking for a sed that does not truncate output
configure:4290: result: /bin/sed
configure:4308: checking for grep that handles long lines and -e
configure:4366: result: /bin/grep
configure:4371: checking for egrep
configure:4433: result: /bin/grep -E
configure:4438: checking for fgrep
configure:4500: result: /bin/grep -F
configure:4535: checking for ld used by gcc
configure:4602: result: /usr/bin/ld
configure:4609: checking if the linker (/usr/bin/ld) is GNU ld
configure:4624: result: yes
configure:4636: checking for BSD- or MS-compatible name lister (nm)
configure:4690: result: /usr/bin/nm -B
configure:4820: checking the name lister (/usr/bin/nm -B) interface
configure:4827: gcc -c -g -O2  conftest.c >&5
configure:4830: /usr/bin/nm -B "conftest.o"
configure:4833: output
00000000 B some_variable
configure:4840: result: BSD nm
configure:4843: checking whether ln -s works
configure:4847: result: yes
configure:4855: checking the maximum length of command line arguments
configure:4986: result: 1572864
configure:5034: checking how to convert armv7l-unknown-linux-gnueabihf file names to armv7l-unknown-linux-gnueabihf format
configure:5074: result: func_convert_file_noop
configure:5081: checking how to convert armv7l-unknown-linux-gnueabihf file names to toolchain format
configure:5101: result: func_convert_file_noop
configure:5108: checking for /usr/bin/ld option to reload object files
configure:5115: result: -r
configure:5189: checking for objdump
configure:5205: found /usr/bin/objdump
configure:5216: result: objdump
configure:5248: checking how to recognize dependent libraries
configure:5448: result: pass_all
configure:5533: checking for dlltool
configure:5563: result: no
configure:5593: checking how to associate runtime and link libraries
configure:5620: result: printf %s\n
configure:5681: checking for ar
configure:5697: found /usr/bin/ar
configure:5708: result: ar
configure:5745: checking for archiver @FILE support
configure:5762: gcc -c -g -O2  conftest.c >&5
configure:5762: $? = 0
configure:5765: ar cru libconftest.a @conftest.lst >&5
ar: `u' modifier ignored since `D' is the default (see `U')
configure:5768: $? = 0
configure:5773: ar cru libconftest.a @conftest.lst >&5
ar: `u' modifier ignored since `D' is the default (see `U')
ar: conftest.o: No such file or directory
configure:5776: $? = 1
configure:5788: result: @
configure:5846: checking for strip
configure:5862: found /usr/bin/strip
configure:5873: result: strip
configure:5945: checking for ranlib
configure:5961: found /usr/bin/ranlib
configure:5972: result: ranlib
configure:6074: checking command to parse /usr/bin/nm -B output from gcc object
configure:6227: gcc -c -g -O2  conftest.c >&5
configure:6230: $? = 0
configure:6234: /usr/bin/nm -B conftest.o \| sed -n -e 's/^.*[ ]\([ABCDGIRSTW][ABCDGIRSTW]*\)[ ][ ]*\([_A-Za-z][_A-Za-z0-9]*\)$/\1 \2 \2/p' | sed '/ __gnu_lto/d' \> conftest.nm
configure:6237: $? = 0
configure:6303: gcc -o conftest -g -O2   conftest.c conftstm.o >&5
configure:6306: $? = 0
configure:6344: result: ok
configure:6391: checking for sysroot
configure:6421: result: no
configure:6428: checking for a working dd
configure:6466: result: /bin/dd
configure:6470: checking how to truncate binary pipes
configure:6485: result: /bin/dd bs=4096 count=1
configure:6814: checking for mt
configure:6830: found /bin/mt
configure:6841: result: mt
configure:6864: checking if mt is a manifest tool
configure:6870: mt '-?'
configure:6878: result: no
configure:7555: checking how to run the C preprocessor
configure:7586: gcc -E  conftest.c
configure:7586: $? = 0
configure:7600: gcc -E  conftest.c
conftest.c:11:28: fatal error: ac_nonexistent.h: No such file or directory
 #include <ac_nonexistent.h>
                            ^
compilation terminated.
configure:7600: $? = 1
configure: failed program was:
| /* confdefs.h */
| #define PACKAGE_NAME "avrdude"
| #define PACKAGE_TARNAME "avrdude"
| #define PACKAGE_VERSION "6.3-20160220"
| #define PACKAGE_STRING "avrdude 6.3-20160220"
| #define PACKAGE_BUGREPORT "avrdude-dev@nongnu.org"
| #define PACKAGE_URL ""
| #define PACKAGE "avrdude"
| #define VERSION "6.3-20160220"
| /* end confdefs.h.  */
| #include <ac_nonexistent.h>
configure:7625: result: gcc -E
configure:7645: gcc -E  conftest.c
configure:7645: $? = 0
configure:7659: gcc -E  conftest.c
conftest.c:11:28: fatal error: ac_nonexistent.h: No such file or directory
 #include <ac_nonexistent.h>
                            ^
compilation terminated.
configure:7659: $? = 1
configure: failed program was:
| /* confdefs.h */
| #define PACKAGE_NAME "avrdude"
| #define PACKAGE_TARNAME "avrdude"
| #define PACKAGE_VERSION "6.3-20160220"
| #define PACKAGE_STRING "avrdude 6.3-20160220"
| #define PACKAGE_BUGREPORT "avrdude-dev@nongnu.org"
| #define PACKAGE_URL ""
| #define PACKAGE "avrdude"
| #define VERSION "6.3-20160220"
| /* end confdefs.h.  */
| #include <ac_nonexistent.h>
configure:7688: checking for ANSI C header files
configure:7708: gcc -c -g -O2  conftest.c >&5
configure:7708: $? = 0
configure:7781: gcc -o conftest -g -O2   conftest.c  >&5
configure:7781: $? = 0
configure:7781: ./conftest
configure:7781: $? = 0
configure:7792: result: yes
configure:7805: checking for sys/types.h
configure:7805: gcc -c -g -O2  conftest.c >&5
configure:7805: $? = 0
configure:7805: result: yes
configure:7805: checking for sys/stat.h
configure:7805: gcc -c -g -O2  conftest.c >&5
configure:7805: $? = 0
configure:7805: result: yes
configure:7805: checking for stdlib.h
configure:7805: gcc -c -g -O2  conftest.c >&5
configure:7805: $? = 0
configure:7805: result: yes
configure:7805: checking for string.h
configure:7805: gcc -c -g -O2  conftest.c >&5
configure:7805: $? = 0
configure:7805: result: yes
configure:7805: checking for memory.h
configure:7805: gcc -c -g -O2  conftest.c >&5
configure:7805: $? = 0
configure:7805: result: yes
configure:7805: checking for strings.h
configure:7805: gcc -c -g -O2  conftest.c >&5
configure:7805: $? = 0
configure:7805: result: yes
configure:7805: checking for inttypes.h
configure:7805: gcc -c -g -O2  conftest.c >&5
configure:7805: $? = 0
configure:7805: result: yes
configure:7805: checking for stdint.h
configure:7805: gcc -c -g -O2  conftest.c >&5
configure:7805: $? = 0
configure:7805: result: yes
configure:7805: checking for unistd.h
configure:7805: gcc -c -g -O2  conftest.c >&5
configure:7805: $? = 0
configure:7805: result: yes
configure:7819: checking for dlfcn.h
configure:7819: gcc -c -g -O2  conftest.c >&5
configure:7819: $? = 0
configure:7819: result: yes
configure:8075: checking for objdir
configure:8090: result: .libs
configure:8354: checking if gcc supports -fno-rtti -fno-exceptions
configure:8372: gcc -c -g -O2  -fno-rtti -fno-exceptions conftest.c >&5
cc1: warning: command line option '-fno-rtti' is valid for C++/ObjC++ but not for C
configure:8376: $? = 0
configure:8389: result: no
configure:8747: checking for gcc option to produce PIC
configure:8754: result: -fPIC -DPIC
configure:8762: checking if gcc PIC flag -fPIC -DPIC works
configure:8780: gcc -c -g -O2  -fPIC -DPIC -DPIC conftest.c >&5
configure:8784: $? = 0
configure:8797: result: yes
configure:8826: checking if gcc static flag -static works
configure:8854: result: yes
configure:8869: checking if gcc supports -c -o file.o
configure:8890: gcc -c -g -O2  -o out/conftest2.o conftest.c >&5
configure:8894: $? = 0
configure:8916: result: yes
configure:8924: checking if gcc supports -c -o file.o
configure:8971: result: yes
configure:9004: checking whether the gcc linker (/usr/bin/ld) supports shared libraries
configure:10267: result: yes
configure:10304: checking whether -lc should be explicitly linked in
configure:10312: gcc -c -g -O2  conftest.c >&5
configure:10315: $? = 0
configure:10330: gcc -shared  -fPIC -DPIC conftest.o  -v -Wl,-soname -Wl,conftest -o conftest 2\>\&1 \| /bin/grep  -lc  \>/dev/null 2\>\&1
configure:10333: $? = 0
configure:10347: result: no
configure:10507: checking dynamic linker characteristics
configure:11088: gcc -o conftest -g -O2   -Wl,-rpath -Wl,/foo conftest.c  >&5
configure:11088: $? = 0
configure:11337: result: GNU/Linux ld.so
configure:11459: checking how to hardcode library paths into programs
configure:11484: result: immediate
configure:12032: checking whether stripping libraries is possible
configure:12037: result: yes
configure:12072: checking if libtool supports shared libraries
configure:12074: result: yes
configure:12077: checking whether to build shared libraries
configure:12102: result: yes
configure:12105: checking whether to build static libraries
configure:12109: result: yes
configure:12196: checking for gcc
configure:12223: result: gcc
configure:12452: checking for C compiler version
configure:12461: gcc --version >&5
gcc (Raspbian 6.3.0-18+rpi1) 6.3.0 20170516
Copyright (C) 2016 Free Software Foundation, Inc.
This is free software; see the source for copying conditions.  There is NO
warranty; not even for MERCHANTABILITY or FITNESS FOR A PARTICULAR PURPOSE.

configure:12472: $? = 0
configure:12461: gcc -v >&5
Using built-in specs.
COLLECT_GCC=gcc
COLLECT_LTO_WRAPPER=/usr/lib/gcc/arm-linux-gnueabihf/6/lto-wrapper
Target: arm-linux-gnueabihf
Configured with: ../src/configure -v --with-pkgversion='Raspbian 6.3.0-18+rpi1' --with-bugurl=file:///usr/share/doc/gcc-6/README.Bugs --enable-languages=c,ada,c++,java,go,d,fortran,objc,obj-c++ --prefix=/usr --program-suffix=-6 --program-prefix=arm-linux-gnueabihf- --enable-shared --enable-linker-build-id --libexecdir=/usr/lib --without-included-gettext --enable-threads=posix --libdir=/usr/lib --enable-nls --with-sysroot=/ --enable-clocale=gnu --enable-libstdcxx-debug --enable-libstdcxx-time=yes --with-default-libstdcxx-abi=new --enable-gnu-unique-object --disable-libitm --disable-libquadmath --enable-plugin --with-system-zlib --disable-browser-plugin --enable-java-awt=gtk --enable-gtk-cairo --with-java-home=/usr/lib/jvm/java-1.5.0-gcj-6-armhf/jre --enable-java-home --with-jvm-root-dir=/usr/lib/jvm/java-1.5.0-gcj-6-armhf --with-jvm-jar-dir=/usr/lib/jvm-exports/java-1.5.0-gcj-6-armhf --with-arch-directory=arm --with-ecj-jar=/usr/share/java/eclipse-ecj.jar --with-target-system-zlib --enable-objc-gc=auto --enable-multiarch --disable-sjlj-exceptions --with-arch=armv6 --with-fpu=vfp --with-float=hard --enable-checking=release --build=arm-linux-gnueabihf --host=arm-linux-gnueabihf --target=arm-linux-gnueabihf
Thread model: posix
gcc version 6.3.0 20170516 (Raspbian 6.3.0-18+rpi1) 
configure:12472: $? = 0
configure:12461: gcc -V >&5
gcc: error: unrecognized command line option '-V'
gcc: fatal error: no input files
compilation terminated.
configure:12472: $? = 1
configure:12461: gcc -qversion >&5
gcc: error: unrecognized command line option '-qversion'; did you mean '--version'?
gcc: fatal error: no input files
compilation terminated.
configure:12472: $? = 1
configure:12476: checking whether we are using the GNU C compiler
configure:12504: result: yes
configure:12513: checking whether gcc accepts -g
configure:12574: result: yes
configure:12591: checking for gcc option to accept ISO C89
configure:12667: result: none needed
configure:12692: checking whether gcc understands -c and -o together
configure:12729: result: yes
configure:12748: checking dependency style of gcc
configure:12859: result: gcc3
configure:12875: checking for a sed that does not truncate output
configure:12939: result: /bin/sed
configure:12948: checking for bison
configure:12978: result: no
configure:12948: checking for byacc
configure:12978: result: no
configure:12991: checking for flex
configure:13021: result: no
configure:12991: checking for lex
configure:13021: result: no
configure:13151: checking for -ar
configure:13178: result: ar
configure:13269: checking for tputs in -ltermcap
configure:13294: gcc -o conftest -g -O2   conftest.c -ltermcap   >&5
/usr/bin/ld: cannot find -ltermcap
collect2: error: ld returned 1 exit status
configure:13294: $? = 1
configure: failed program was:
| /* confdefs.h */
| #define PACKAGE_NAME "avrdude"
| #define PACKAGE_TARNAME "avrdude"
| #define PACKAGE_VERSION "6.3-20160220"
| #define PACKAGE_STRING "avrdude 6.3-20160220"
| #define PACKAGE_BUGREPORT "avrdude-dev@nongnu.org"
| #define PACKAGE_URL ""
| #define PACKAGE "avrdude"
| #define VERSION "6.3-20160220"
| #define STDC_HEADERS 1
| #define HAVE_SYS_TYPES_H 1
| #define HAVE_SYS_STAT_H 1
| #define HAVE_STDLIB_H 1
| #define HAVE_STRING_H 1
| #define HAVE_MEMORY_H 1
| #define HAVE_STRINGS_H 1
| #define HAVE_INTTYPES_H 1
| #define HAVE_STDINT_H 1
| #define HAVE_UNISTD_H 1
| #define HAVE_DLFCN_H 1
| #define LT_OBJDIR ".libs/"
| /* end confdefs.h.  */
| 
| /* Override any GCC internal prototype to avoid an error.
|    Use char because int might match the return type of a GCC
|    builtin and then its argument prototype would still apply.  */
| #ifdef __cplusplus
| extern "C"
| #endif
| char tputs ();
| int
| main ()
| {
| return tputs ();
|   ;
|   return 0;
| }
configure:13303: result: no
configure:13314: checking for tputs in -lncurses
configure:13339: gcc -o conftest -g -O2   conftest.c -lncurses   >&5
/usr/bin/ld: cannot find -lncurses
collect2: error: ld returned 1 exit status
configure:13339: $? = 1
configure: failed program was:
| /* confdefs.h */
| #define PACKAGE_NAME "avrdude"
| #define PACKAGE_TARNAME "avrdude"
| #define PACKAGE_VERSION "6.3-20160220"
| #define PACKAGE_STRING "avrdude 6.3-20160220"
| #define PACKAGE_BUGREPORT "avrdude-dev@nongnu.org"
| #define PACKAGE_URL ""
| #define PACKAGE "avrdude"
| #define VERSION "6.3-20160220"
| #define STDC_HEADERS 1
| #define HAVE_SYS_TYPES_H 1
| #define HAVE_SYS_STAT_H 1
| #define HAVE_STDLIB_H 1
| #define HAVE_STRING_H 1
| #define HAVE_MEMORY_H 1
| #define HAVE_STRINGS_H 1
| #define HAVE_INTTYPES_H 1
| #define HAVE_STDINT_H 1
| #define HAVE_UNISTD_H 1
| #define HAVE_DLFCN_H 1
| #define LT_OBJDIR ".libs/"
| /* end confdefs.h.  */
| 
| /* Override any GCC internal prototype to avoid an error.
|    Use char because int might match the return type of a GCC
|    builtin and then its argument prototype would still apply.  */
| #ifdef __cplusplus
| extern "C"
| #endif
| char tputs ();
| int
| main ()
| {
| return tputs ();
|   ;
|   return 0;
| }
configure:13348: result: no
configure:13359: checking for readline in -lreadline
configure:13384: gcc -o conftest -g -O2   conftest.c -lreadline   >&5
/usr/bin/ld: cannot find -lreadline
collect2: error: ld returned 1 exit status
configure:13384: $? = 1
configure: failed program was:
| /* confdefs.h */
| #define PACKAGE_NAME "avrdude"
| #define PACKAGE_TARNAME "avrdude"
| #define PACKAGE_VERSION "6.3-20160220"
| #define PACKAGE_STRING "avrdude 6.3-20160220"
| #define PACKAGE_BUGREPORT "avrdude-dev@nongnu.org"
| #define PACKAGE_URL ""
| #define PACKAGE "avrdude"
| #define VERSION "6.3-20160220"
| #define STDC_HEADERS 1
| #define HAVE_SYS_TYPES_H 1
| #define HAVE_SYS_STAT_H 1
| #define HAVE_STDLIB_H 1
| #define HAVE_STRING_H 1
| #define HAVE_MEMORY_H 1
| #define HAVE_STRINGS_H 1
| #define HAVE_INTTYPES_H 1
| #define HAVE_STDINT_H 1
| #define HAVE_UNISTD_H 1
| #define HAVE_DLFCN_H 1
| #define LT_OBJDIR ".libs/"
| /* end confdefs.h.  */
| 
| /* Override any GCC internal prototype to avoid an error.
|    Use char because int might match the return type of a GCC
|    builtin and then its argument prototype would still apply.  */
| #ifdef __cplusplus
| extern "C"
| #endif
| char readline ();
| int
| main ()
| {
| return readline ();
|   ;
|   return 0;
| }
configure:13393: result: no
configure:13405: checking for elf_getshdrstrndx in -lelf
configure:13430: gcc -o conftest -g -O2   conftest.c -lelf   >&5
configure:13430: $? = 0
configure:13439: result: yes
configure:13456: checking libelf.h usability
configure:13456: gcc -c -g -O2  conftest.c >&5
configure:13456: $? = 0
configure:13456: result: yes
configure:13456: checking libelf.h presence
configure:13456: gcc -E  conftest.c
configure:13456: $? = 0
configure:13456: result: yes
configure:13456: checking for libelf.h
configure:13456: result: yes
configure:13456: checking libelf/libelf.h usability
configure:13456: gcc -c -g -O2  conftest.c >&5
conftest.c:58:27: fatal error: libelf/libelf.h: No such file or directory
 #include <libelf/libelf.h>
                           ^
compilation terminated.
configure:13456: $? = 1
configure: failed program was:
| /* confdefs.h */
| #define PACKAGE_NAME "avrdude"
| #define PACKAGE_TARNAME "avrdude"
| #define PACKAGE_VERSION "6.3-20160220"
| #define PACKAGE_STRING "avrdude 6.3-20160220"
| #define PACKAGE_BUGREPORT "avrdude-dev@nongnu.org"
| #define PACKAGE_URL ""
| #define PACKAGE "avrdude"
| #define VERSION "6.3-20160220"
| #define STDC_HEADERS 1
| #define HAVE_SYS_TYPES_H 1
| #define HAVE_SYS_STAT_H 1
| #define HAVE_STDLIB_H 1
| #define HAVE_STRING_H 1
| #define HAVE_MEMORY_H 1
| #define HAVE_STRINGS_H 1
| #define HAVE_INTTYPES_H 1
| #define HAVE_STDINT_H 1
| #define HAVE_UNISTD_H 1
| #define HAVE_DLFCN_H 1
| #define LT_OBJDIR ".libs/"
| #define HAVE_LIBELF 1
| #define HAVE_LIBELF_H 1
| /* end confdefs.h.  */
| #include <stdio.h>
| #ifdef HAVE_SYS_TYPES_H
| # include <sys/types.h>
| #endif
| #ifdef HAVE_SYS_STAT_H
| # include <sys/stat.h>
| #endif
| #ifdef STDC_HEADERS
| # include <stdlib.h>
| # include <stddef.h>
| #else
| # ifdef HAVE_STDLIB_H
| #  include <stdlib.h>
| # endif
| #endif
| #ifdef HAVE_STRING_H
| # if !defined STDC_HEADERS && defined HAVE_MEMORY_H
| #  include <memory.h>
| # endif
| # include <string.h>
| #endif
| #ifdef HAVE_STRINGS_H
| # include <strings.h>
| #endif
| #ifdef HAVE_INTTYPES_H
| # include <inttypes.h>
| #endif
| #ifdef HAVE_STDINT_H
| # include <stdint.h>
| #endif
| #ifdef HAVE_UNISTD_H
| # include <unistd.h>
| #endif
| #include <libelf/libelf.h>
configure:13456: result: no
configure:13456: checking libelf/libelf.h presence
configure:13456: gcc -E  conftest.c
conftest.c:25:27: fatal error: libelf/libelf.h: No such file or directory
 #include <libelf/libelf.h>
                           ^
compilation terminated.
configure:13456: $? = 1
configure: failed program was:
| /* confdefs.h */
| #define PACKAGE_NAME "avrdude"
| #define PACKAGE_TARNAME "avrdude"
| #define PACKAGE_VERSION "6.3-20160220"
| #define PACKAGE_STRING "avrdude 6.3-20160220"
| #define PACKAGE_BUGREPORT "avrdude-dev@nongnu.org"
| #define PACKAGE_URL ""
| #define PACKAGE "avrdude"
| #define VERSION "6.3-20160220"
| #define STDC_HEADERS 1
| #define HAVE_SYS_TYPES_H 1
| #define HAVE_SYS_STAT_H 1
| #define HAVE_STDLIB_H 1
| #define HAVE_STRING_H 1
| #define HAVE_MEMORY_H 1
| #define HAVE_STRINGS_H 1
| #define HAVE_INTTYPES_H 1
| #define HAVE_STDINT_H 1
| #define HAVE_UNISTD_H 1
| #define HAVE_DLFCN_H 1
| #define LT_OBJDIR ".libs/"
| #define HAVE_LIBELF 1
| #define HAVE_LIBELF_H 1
| /* end confdefs.h.  */
| #include <libelf/libelf.h>
configure:13456: result: no
configure:13456: checking for libelf/libelf.h
configure:13456: result: no
configure:13470: checking for library containing gethostent
configure:13501: gcc -o conftest -g -O2   conftest.c  >&5
configure:13501: $? = 0
configure:13518: result: none required
configure:13526: checking for library containing setsockopt
configure:13557: gcc -o conftest -g -O2   conftest.c  >&5
configure:13557: $? = 0
configure:13574: result: none required
configure:13583: checking for usb_get_string_simple in -lusb
configure:13608: gcc -o conftest -g -O2   conftest.c -lusb   >&5
configure:13608: $? = 0
configure:13617: result: yes
configure:13636: checking usb.h usability
configure:13636: gcc -c -g -O2  conftest.c >&5
configure:13636: $? = 0
configure:13636: result: yes
configure:13636: checking usb.h presence
configure:13636: gcc -E  conftest.c
configure:13636: $? = 0
configure:13636: result: yes
configure:13636: checking for usb.h
configure:13636: result: yes
configure:13648: checking lusb0_usb.h usability
configure:13648: gcc -c -g -O2  conftest.c >&5
conftest.c:60:23: fatal error: lusb0_usb.h: No such file or directory
 #include <lusb0_usb.h>
                       ^
compilation terminated.
configure:13648: $? = 1
configure: failed program was:
| /* confdefs.h */
| #define PACKAGE_NAME "avrdude"
| #define PACKAGE_TARNAME "avrdude"
| #define PACKAGE_VERSION "6.3-20160220"
| #define PACKAGE_STRING "avrdude 6.3-20160220"
| #define PACKAGE_BUGREPORT "avrdude-dev@nongnu.org"
| #define PACKAGE_URL ""
| #define PACKAGE "avrdude"
| #define VERSION "6.3-20160220"
| #define STDC_HEADERS 1
| #define HAVE_SYS_TYPES_H 1
| #define HAVE_SYS_STAT_H 1
| #define HAVE_STDLIB_H 1
| #define HAVE_STRING_H 1
| #define HAVE_MEMORY_H 1
| #define HAVE_STRINGS_H 1
| #define HAVE_INTTYPES_H 1
| #define HAVE_STDINT_H 1
| #define HAVE_UNISTD_H 1
| #define HAVE_DLFCN_H 1
| #define LT_OBJDIR ".libs/"
| #define HAVE_LIBELF 1
| #define HAVE_LIBELF_H 1
| #define HAVE_LIBUSB 1
| #define HAVE_USB_H 1
| /* end confdefs.h.  */
| #include <stdio.h>
| #ifdef HAVE_SYS_TYPES_H
| # include <sys/types.h>
| #endif
| #ifdef HAVE_SYS_STAT_H
| # include <sys/stat.h>
| #endif
| #ifdef STDC_HEADERS
| # include <stdlib.h>
| # include <stddef.h>
| #else
| # ifdef HAVE_STDLIB_H
| #  include <stdlib.h>
| # endif
| #endif
| #ifdef HAVE_STRING_H
| # if !defined STDC_HEADERS && defined HAVE_MEMORY_H
| #  include <memory.h>
| # endif
| # include <string.h>
| #endif
| #ifdef HAVE_STRINGS_H
| # include <strings.h>
| #endif
| #ifdef HAVE_INTTYPES_H
| # include <inttypes.h>
| #endif
| #ifdef HAVE_STDINT_H
| # include <stdint.h>
| #endif
| #ifdef HAVE_UNISTD_H
| # include <unistd.h>
| #endif
| #include <lusb0_usb.h>
configure:13648: result: no
configure:13648: checking lusb0_usb.h presence
configure:13648: gcc -E  conftest.c
conftest.c:27:23: fatal error: lusb0_usb.h: No such file or directory
 #include <lusb0_usb.h>
                       ^
compilation terminated.
configure:13648: $? = 1
configure: failed program was:
| /* confdefs.h */
| #define PACKAGE_NAME "avrdude"
| #define PACKAGE_TARNAME "avrdude"
| #define PACKAGE_VERSION "6.3-20160220"
| #define PACKAGE_STRING "avrdude 6.3-20160220"
| #define PACKAGE_BUGREPORT "avrdude-dev@nongnu.org"
| #define PACKAGE_URL ""
| #define PACKAGE "avrdude"
| #define VERSION "6.3-20160220"
| #define STDC_HEADERS 1
| #define HAVE_SYS_TYPES_H 1
| #define HAVE_SYS_STAT_H 1
| #define HAVE_STDLIB_H 1
| #define HAVE_STRING_H 1
| #define HAVE_MEMORY_H 1
| #define HAVE_STRINGS_H 1
| #define HAVE_INTTYPES_H 1
| #define HAVE_STDINT_H 1
| #define HAVE_UNISTD_H 1
| #define HAVE_DLFCN_H 1
| #define LT_OBJDIR ".libs/"
| #define HAVE_LIBELF 1
| #define HAVE_LIBELF_H 1
| #define HAVE_LIBUSB 1
| #define HAVE_USB_H 1
| /* end confdefs.h.  */
| #include <lusb0_usb.h>
configure:13648: result: no
configure:13648: checking for lusb0_usb.h
configure:13648: result: no
configure:13663: checking for libusb_init in -lusb-1.0
configure:13688: gcc -o conftest -g -O2   conftest.c -lusb-1.0   >&5
/usr/bin/ld: cannot find -lusb-1.0
collect2: error: ld returned 1 exit status
configure:13688: $? = 1
configure: failed program was:
| /* confdefs.h */
| #define PACKAGE_NAME "avrdude"
| #define PACKAGE_TARNAME "avrdude"
| #define PACKAGE_VERSION "6.3-20160220"
| #define PACKAGE_STRING "avrdude 6.3-20160220"
| #define PACKAGE_BUGREPORT "avrdude-dev@nongnu.org"
| #define PACKAGE_URL ""
| #define PACKAGE "avrdude"
| #define VERSION "6.3-20160220"
| #define STDC_HEADERS 1
| #define HAVE_SYS_TYPES_H 1
| #define HAVE_SYS_STAT_H 1
| #define HAVE_STDLIB_H 1
| #define HAVE_STRING_H 1
| #define HAVE_MEMORY_H 1
| #define HAVE_STRINGS_H 1
| #define HAVE_INTTYPES_H 1
| #define HAVE_STDINT_H 1
| #define HAVE_UNISTD_H 1
| #define HAVE_DLFCN_H 1
| #define LT_OBJDIR ".libs/"
| #define HAVE_LIBELF 1
| #define HAVE_LIBELF_H 1
| #define HAVE_LIBUSB 1
| #define HAVE_USB_H 1
| /* end confdefs.h.  */
| 
| /* Override any GCC internal prototype to avoid an error.
|    Use char because int might match the return type of a GCC
|    builtin and then its argument prototype would still apply.  */
| #ifdef __cplusplus
| extern "C"
| #endif
| char libusb_init ();
| int
| main ()
| {
| return libusb_init ();
|   ;
|   return 0;
| }
configure:13697: result: no
configure:13740: checking for libusb_init in -lusb
configure:13765: gcc -o conftest -g -O2   conftest.c -lusb   >&5
/tmp/ccuy22Uh.o: In function `main':
/home/pi/Slic3r/xs/src/avrdude/conftest.c:38: undefined reference to `libusb_init'
collect2: error: ld returned 1 exit status
configure:13765: $? = 1
configure: failed program was:
| /* confdefs.h */
| #define PACKAGE_NAME "avrdude"
| #define PACKAGE_TARNAME "avrdude"
| #define PACKAGE_VERSION "6.3-20160220"
| #define PACKAGE_STRING "avrdude 6.3-20160220"
| #define PACKAGE_BUGREPORT "avrdude-dev@nongnu.org"
| #define PACKAGE_URL ""
| #define PACKAGE "avrdude"
| #define VERSION "6.3-20160220"
| #define STDC_HEADERS 1
| #define HAVE_SYS_TYPES_H 1
| #define HAVE_SYS_STAT_H 1
| #define HAVE_STDLIB_H 1
| #define HAVE_STRING_H 1
| #define HAVE_MEMORY_H 1
| #define HAVE_STRINGS_H 1
| #define HAVE_INTTYPES_H 1
| #define HAVE_STDINT_H 1
| #define HAVE_UNISTD_H 1
| #define HAVE_DLFCN_H 1
| #define LT_OBJDIR ".libs/"
| #define HAVE_LIBELF 1
| #define HAVE_LIBELF_H 1
| #define HAVE_LIBUSB 1
| #define HAVE_USB_H 1
| /* end confdefs.h.  */
| 
| /* Override any GCC internal prototype to avoid an error.
|    Use char because int might match the return type of a GCC
|    builtin and then its argument prototype would still apply.  */
| #ifdef __cplusplus
| extern "C"
| #endif
| char libusb_init ();
| int
| main ()
| {
| return libusb_init ();
|   ;
|   return 0;
| }
configure:13774: result: no
configure:13813: checking for library containing hid_init
configure:13844: gcc -o conftest -g -O2   conftest.c  >&5
/tmp/ccY3ploP.o: In function `main':
/home/pi/Slic3r/xs/src/avrdude/conftest.c:38: undefined reference to `hid_init'
collect2: error: ld returned 1 exit status
configure:13844: $? = 1
configure: failed program was:
| /* confdefs.h */
| #define PACKAGE_NAME "avrdude"
| #define PACKAGE_TARNAME "avrdude"
| #define PACKAGE_VERSION "6.3-20160220"
| #define PACKAGE_STRING "avrdude 6.3-20160220"
| #define PACKAGE_BUGREPORT "avrdude-dev@nongnu.org"
| #define PACKAGE_URL ""
| #define PACKAGE "avrdude"
| #define VERSION "6.3-20160220"
| #define STDC_HEADERS 1
| #define HAVE_SYS_TYPES_H 1
| #define HAVE_SYS_STAT_H 1
| #define HAVE_STDLIB_H 1
| #define HAVE_STRING_H 1
| #define HAVE_MEMORY_H 1
| #define HAVE_STRINGS_H 1
| #define HAVE_INTTYPES_H 1
| #define HAVE_STDINT_H 1
| #define HAVE_UNISTD_H 1
| #define HAVE_DLFCN_H 1
| #define LT_OBJDIR ".libs/"
| #define HAVE_LIBELF 1
| #define HAVE_LIBELF_H 1
| #define HAVE_LIBUSB 1
| #define HAVE_USB_H 1
| /* end confdefs.h.  */
| 
| /* Override any GCC internal prototype to avoid an error.
|    Use char because int might match the return type of a GCC
|    builtin and then its argument prototype would still apply.  */
| #ifdef __cplusplus
| extern "C"
| #endif
| char hid_init ();
| int
| main ()
| {
| return hid_init ();
|   ;
|   return 0;
| }
configure:13844: gcc -o conftest -g -O2   conftest.c -lhidapi   >&5
/usr/bin/ld: cannot find -lhidapi
collect2: error: ld returned 1 exit status
configure:13844: $? = 1
configure: failed program was:
| /* confdefs.h */
| #define PACKAGE_NAME "avrdude"
| #define PACKAGE_TARNAME "avrdude"
| #define PACKAGE_VERSION "6.3-20160220"
| #define PACKAGE_STRING "avrdude 6.3-20160220"
| #define PACKAGE_BUGREPORT "avrdude-dev@nongnu.org"
| #define PACKAGE_URL ""
| #define PACKAGE "avrdude"
| #define VERSION "6.3-20160220"
| #define STDC_HEADERS 1
| #define HAVE_SYS_TYPES_H 1
| #define HAVE_SYS_STAT_H 1
| #define HAVE_STDLIB_H 1
| #define HAVE_STRING_H 1
| #define HAVE_MEMORY_H 1
| #define HAVE_STRINGS_H 1
| #define HAVE_INTTYPES_H 1
| #define HAVE_STDINT_H 1
| #define HAVE_UNISTD_H 1
| #define HAVE_DLFCN_H 1
| #define LT_OBJDIR ".libs/"
| #define HAVE_LIBELF 1
| #define HAVE_LIBELF_H 1
| #define HAVE_LIBUSB 1
| #define HAVE_USB_H 1
| /* end confdefs.h.  */
| 
| /* Override any GCC internal prototype to avoid an error.
|    Use char because int might match the return type of a GCC
|    builtin and then its argument prototype would still apply.  */
| #ifdef __cplusplus
| extern "C"
| #endif
| char hid_init ();
| int
| main ()
| {
| return hid_init ();
|   ;
|   return 0;
| }
configure:13844: gcc -o conftest -g -O2   conftest.c -lhidapi-libusb   >&5
/usr/bin/ld: cannot find -lhidapi-libusb
collect2: error: ld returned 1 exit status
configure:13844: $? = 1
configure: failed program was:
| /* confdefs.h */
| #define PACKAGE_NAME "avrdude"
| #define PACKAGE_TARNAME "avrdude"
| #define PACKAGE_VERSION "6.3-20160220"
| #define PACKAGE_STRING "avrdude 6.3-20160220"
| #define PACKAGE_BUGREPORT "avrdude-dev@nongnu.org"
| #define PACKAGE_URL ""
| #define PACKAGE "avrdude"
| #define VERSION "6.3-20160220"
| #define STDC_HEADERS 1
| #define HAVE_SYS_TYPES_H 1
| #define HAVE_SYS_STAT_H 1
| #define HAVE_STDLIB_H 1
| #define HAVE_STRING_H 1
| #define HAVE_MEMORY_H 1
| #define HAVE_STRINGS_H 1
| #define HAVE_INTTYPES_H 1
| #define HAVE_STDINT_H 1
| #define HAVE_UNISTD_H 1
| #define HAVE_DLFCN_H 1
| #define LT_OBJDIR ".libs/"
| #define HAVE_LIBELF 1
| #define HAVE_LIBELF_H 1
| #define HAVE_LIBUSB 1
| #define HAVE_USB_H 1
| /* end confdefs.h.  */
| 
| /* Override any GCC internal prototype to avoid an error.
|    Use char because int might match the return type of a GCC
|    builtin and then its argument prototype would still apply.  */
| #ifdef __cplusplus
| extern "C"
| #endif
| char hid_init ();
| int
| main ()
| {
| return hid_init ();
|   ;
|   return 0;
| }
configure:13844: gcc -o conftest -g -O2   conftest.c -lhidapi-hidraw   >&5
/usr/bin/ld: cannot find -lhidapi-hidraw
collect2: error: ld returned 1 exit status
configure:13844: $? = 1
configure: failed program was:
| /* confdefs.h */
| #define PACKAGE_NAME "avrdude"
| #define PACKAGE_TARNAME "avrdude"
| #define PACKAGE_VERSION "6.3-20160220"
| #define PACKAGE_STRING "avrdude 6.3-20160220"
| #define PACKAGE_BUGREPORT "avrdude-dev@nongnu.org"
| #define PACKAGE_URL ""
| #define PACKAGE "avrdude"
| #define VERSION "6.3-20160220"
| #define STDC_HEADERS 1
| #define HAVE_SYS_TYPES_H 1
| #define HAVE_SYS_STAT_H 1
| #define HAVE_STDLIB_H 1
| #define HAVE_STRING_H 1
| #define HAVE_MEMORY_H 1
| #define HAVE_STRINGS_H 1
| #define HAVE_INTTYPES_H 1
| #define HAVE_STDINT_H 1
| #define HAVE_UNISTD_H 1
| #define HAVE_DLFCN_H 1
| #define LT_OBJDIR ".libs/"
| #define HAVE_LIBELF 1
| #define HAVE_LIBELF_H 1
| #define HAVE_LIBUSB 1
| #define HAVE_USB_H 1
| /* end confdefs.h.  */
| 
| /* Override any GCC internal prototype to avoid an error.
|    Use char because int might match the return type of a GCC
|    builtin and then its argument prototype would still apply.  */
| #ifdef __cplusplus
| extern "C"
| #endif
| char hid_init ();
| int
| main ()
| {
| return hid_init ();
|   ;
|   return 0;
| }
configure:13861: result: no
configure:13900: checking for ftdi_new in -lftdi1
configure:13925: gcc -o conftest -g -O2   conftest.c -lftdi1   >&5
/usr/bin/ld: cannot find -lftdi1
collect2: error: ld returned 1 exit status
configure:13925: $? = 1
configure: failed program was:
| /* confdefs.h */
| #define PACKAGE_NAME "avrdude"
| #define PACKAGE_TARNAME "avrdude"
| #define PACKAGE_VERSION "6.3-20160220"
| #define PACKAGE_STRING "avrdude 6.3-20160220"
| #define PACKAGE_BUGREPORT "avrdude-dev@nongnu.org"
| #define PACKAGE_URL ""
| #define PACKAGE "avrdude"
| #define VERSION "6.3-20160220"
| #define STDC_HEADERS 1
| #define HAVE_SYS_TYPES_H 1
| #define HAVE_SYS_STAT_H 1
| #define HAVE_STDLIB_H 1
| #define HAVE_STRING_H 1
| #define HAVE_MEMORY_H 1
| #define HAVE_STRINGS_H 1
| #define HAVE_INTTYPES_H 1
| #define HAVE_STDINT_H 1
| #define HAVE_UNISTD_H 1
| #define HAVE_DLFCN_H 1
| #define LT_OBJDIR ".libs/"
| #define HAVE_LIBELF 1
| #define HAVE_LIBELF_H 1
| #define HAVE_LIBUSB 1
| #define HAVE_USB_H 1
| /* end confdefs.h.  */
| 
| /* Override any GCC internal prototype to avoid an error.
|    Use char because int might match the return type of a GCC
|    builtin and then its argument prototype would still apply.  */
| #ifdef __cplusplus
| extern "C"
| #endif
| char ftdi_new ();
| int
| main ()
| {
| return ftdi_new ();
|   ;
|   return 0;
| }
configure:13934: result: no
configure:13940: checking for ftdi_usb_get_strings in -lftdi
configure:13965: gcc -o conftest -g -O2   conftest.c -lftdi -lusb  >&5
configure:13965: $? = 0
configure:13974: result: yes
configure:13993: checking whether TYPE_232H is declared
configure:13993: gcc -c -g -O2  conftest.c >&5
configure:13993: $? = 0
configure:13993: result: yes
configure:14007: checking pthread.h usability
configure:14007: gcc -c -g -O2  conftest.c >&5
configure:14007: $? = 0
configure:14007: result: yes
configure:14007: checking pthread.h presence
configure:14007: gcc -E  conftest.c
configure:14007: $? = 0
configure:14007: result: yes
configure:14007: checking for pthread.h
configure:14007: result: yes
configure:14018: checking for pthread_create in -lpthread
configure:14043: gcc -o conftest -g -O2   conftest.c -lpthread   >&5
configure:14043: $? = 0
configure:14052: result: yes
configure:14067: checking limits.h usability
configure:14067: gcc -c -g -O2  conftest.c >&5
configure:14067: $? = 0
configure:14067: result: yes
configure:14067: checking limits.h presence
configure:14067: gcc -E  conftest.c
configure:14067: $? = 0
configure:14067: result: yes
configure:14067: checking for limits.h
configure:14067: result: yes
configure:14067: checking for stdlib.h
configure:14067: result: yes
configure:14067: checking for string.h
configure:14067: result: yes
configure:14080: checking fcntl.h usability
configure:14080: gcc -c -g -O2  conftest.c >&5
configure:14080: $? = 0
configure:14080: result: yes
configure:14080: checking fcntl.h presence
configure:14080: gcc -E  conftest.c
configure:14080: $? = 0
configure:14080: result: yes
configure:14080: checking for fcntl.h
configure:14080: result: yes
configure:14080: checking sys/ioctl.h usability
configure:14080: gcc -c -g -O2  conftest.c >&5
configure:14080: $? = 0
configure:14080: result: yes
configure:14080: checking sys/ioctl.h presence
configure:14080: gcc -E  conftest.c
configure:14080: $? = 0
configure:14080: result: yes
configure:14080: checking for sys/ioctl.h
configure:14080: result: yes
configure:14080: checking sys/time.h usability
configure:14080: gcc -c -g -O2  conftest.c >&5
configure:14080: $? = 0
configure:14080: result: yes
configure:14080: checking sys/time.h presence
configure:14080: gcc -E  conftest.c
configure:14080: $? = 0
configure:14080: result: yes
configure:14080: checking for sys/time.h
configure:14080: result: yes
configure:14080: checking termios.h usability
configure:14080: gcc -c -g -O2  conftest.c >&5
configure:14080: $? = 0
configure:14080: result: yes
configure:14080: checking termios.h presence
configure:14080: gcc -E  conftest.c
configure:14080: $? = 0
configure:14080: result: yes
configure:14080: checking for termios.h
configure:14080: result: yes
configure:14080: checking for unistd.h
configure:14080: result: yes
configure:14092: checking for ddk/hidsdi.h
configure:14092: gcc -c -g -O2  conftest.c >&5
conftest.c:38:21: fatal error: windows.h: No such file or directory
 #include <windows.h>
                     ^
compilation terminated.
configure:14092: $? = 1
configure: failed program was:
| /* confdefs.h */
| #define PACKAGE_NAME "avrdude"
| #define PACKAGE_TARNAME "avrdude"
| #define PACKAGE_VERSION "6.3-20160220"
| #define PACKAGE_STRING "avrdude 6.3-20160220"
| #define PACKAGE_BUGREPORT "avrdude-dev@nongnu.org"
| #define PACKAGE_URL ""
| #define PACKAGE "avrdude"
| #define VERSION "6.3-20160220"
| #define STDC_HEADERS 1
| #define HAVE_SYS_TYPES_H 1
| #define HAVE_SYS_STAT_H 1
| #define HAVE_STDLIB_H 1
| #define HAVE_STRING_H 1
| #define HAVE_MEMORY_H 1
| #define HAVE_STRINGS_H 1
| #define HAVE_INTTYPES_H 1
| #define HAVE_STDINT_H 1
| #define HAVE_UNISTD_H 1
| #define HAVE_DLFCN_H 1
| #define LT_OBJDIR ".libs/"
| #define HAVE_LIBELF 1
| #define HAVE_LIBELF_H 1
| #define HAVE_LIBUSB 1
| #define HAVE_USB_H 1
| #define HAVE_LIBFTDI 1
| #define HAVE_LIBFTDI_TYPE_232H 1
| #define HAVE_PTHREAD_H 1
| #define HAVE_LIMITS_H 1
| #define HAVE_STDLIB_H 1
| #define HAVE_STRING_H 1
| #define HAVE_FCNTL_H 1
| #define HAVE_SYS_IOCTL_H 1
| #define HAVE_SYS_TIME_H 1
| #define HAVE_TERMIOS_H 1
| #define HAVE_UNISTD_H 1
| /* end confdefs.h.  */
| #include <windows.h>
| #include <setupapi.h>
| 
| #include <ddk/hidsdi.h>
configure:14092: result: no
configure:14107: checking for an ANSI C-conforming const
configure:14173: gcc -c -g -O2  conftest.c >&5
configure:14173: $? = 0
configure:14180: result: yes
configure:14188: checking whether time.h and sys/time.h may both be included
configure:14208: gcc -c -g -O2  conftest.c >&5
configure:14208: $? = 0
configure:14215: result: yes
configure:14225: checking for puts in -lws2_32
configure:14250: gcc -o conftest -g -O2   conftest.c -lws2_32   >&5
conftest.c:46:6: warning: conflicting types for built-in function 'puts'
 char puts ();
      ^~~~
/usr/bin/ld: cannot find -lws2_32
collect2: error: ld returned 1 exit status
configure:14250: $? = 1
configure: failed program was:
| /* confdefs.h */
| #define PACKAGE_NAME "avrdude"
| #define PACKAGE_TARNAME "avrdude"
| #define PACKAGE_VERSION "6.3-20160220"
| #define PACKAGE_STRING "avrdude 6.3-20160220"
| #define PACKAGE_BUGREPORT "avrdude-dev@nongnu.org"
| #define PACKAGE_URL ""
| #define PACKAGE "avrdude"
| #define VERSION "6.3-20160220"
| #define STDC_HEADERS 1
| #define HAVE_SYS_TYPES_H 1
| #define HAVE_SYS_STAT_H 1
| #define HAVE_STDLIB_H 1
| #define HAVE_STRING_H 1
| #define HAVE_MEMORY_H 1
| #define HAVE_STRINGS_H 1
| #define HAVE_INTTYPES_H 1
| #define HAVE_STDINT_H 1
| #define HAVE_UNISTD_H 1
| #define HAVE_DLFCN_H 1
| #define LT_OBJDIR ".libs/"
| #define HAVE_LIBELF 1
| #define HAVE_LIBELF_H 1
| #define HAVE_LIBUSB 1
| #define HAVE_USB_H 1
| #define HAVE_LIBFTDI 1
| #define HAVE_LIBFTDI_TYPE_232H 1
| #define HAVE_PTHREAD_H 1
| #define HAVE_LIMITS_H 1
| #define HAVE_STDLIB_H 1
| #define HAVE_STRING_H 1
| #define HAVE_FCNTL_H 1
| #define HAVE_SYS_IOCTL_H 1
| #define HAVE_SYS_TIME_H 1
| #define HAVE_TERMIOS_H 1
| #define HAVE_UNISTD_H 1
| #define TIME_WITH_SYS_TIME 1
| /* end confdefs.h.  */
| 
| /* Override any GCC internal prototype to avoid an error.
|    Use char because int might match the return type of a GCC
|    builtin and then its argument prototype would still apply.  */
| #ifdef __cplusplus
| extern "C"
| #endif
| char puts ();
| int
| main ()
| {
| return puts ();
|   ;
|   return 0;
| }
configure:14259: result: no
configure:14275: checking for memset
configure:14275: gcc -o conftest -g -O2   conftest.c  >&5
conftest.c:62:6: warning: conflicting types for built-in function 'memset'
 char memset ();
      ^~~~~~
configure:14275: $? = 0
configure:14275: result: yes
configure:14275: checking for select
configure:14275: gcc -o conftest -g -O2   conftest.c  >&5
configure:14275: $? = 0
configure:14275: result: yes
configure:14275: checking for strcasecmp
configure:14275: gcc -o conftest -g -O2   conftest.c  >&5
conftest.c:64:6: warning: conflicting types for built-in function 'strcasecmp'
 char strcasecmp ();
      ^~~~~~~~~~
configure:14275: $? = 0
configure:14275: result: yes
configure:14275: checking for strdup
configure:14275: gcc -o conftest -g -O2   conftest.c  >&5
conftest.c:65:6: warning: conflicting types for built-in function 'strdup'
 char strdup ();
      ^~~~~~
configure:14275: $? = 0
configure:14275: result: yes
configure:14275: checking for strerror
configure:14275: gcc -o conftest -g -O2   conftest.c  >&5
configure:14275: $? = 0
configure:14275: result: yes
configure:14275: checking for strncasecmp
configure:14275: gcc -o conftest -g -O2   conftest.c  >&5
conftest.c:67:6: warning: conflicting types for built-in function 'strncasecmp'
 char strncasecmp ();
      ^~~~~~~~~~~
configure:14275: $? = 0
configure:14275: result: yes
configure:14275: checking for strtol
configure:14275: gcc -o conftest -g -O2   conftest.c  >&5
configure:14275: $? = 0
configure:14275: result: yes
configure:14275: checking for strtoul
configure:14275: gcc -o conftest -g -O2   conftest.c  >&5
configure:14275: $? = 0
configure:14275: result: yes
configure:14275: checking for gettimeofday
configure:14275: gcc -o conftest -g -O2   conftest.c  >&5
configure:14275: $? = 0
configure:14275: result: yes
configure:14275: checking for usleep
configure:14275: gcc -o conftest -g -O2   conftest.c  >&5
configure:14275: $? = 0
configure:14275: result: yes
configure:14285: checking for a Win32 HID libray
configure:14326: gcc -o conftest -g -O2   conftest.c   >&5
conftest.c:49:21: fatal error: windows.h: No such file or directory
 #include <windows.h>
                     ^
compilation terminated.
configure:14326: $? = 1
configure: failed program was:
| /* confdefs.h */
| #define PACKAGE_NAME "avrdude"
| #define PACKAGE_TARNAME "avrdude"
| #define PACKAGE_VERSION "6.3-20160220"
| #define PACKAGE_STRING "avrdude 6.3-20160220"
| #define PACKAGE_BUGREPORT "avrdude-dev@nongnu.org"
| #define PACKAGE_URL ""
| #define PACKAGE "avrdude"
| #define VERSION "6.3-20160220"
| #define STDC_HEADERS 1
| #define HAVE_SYS_TYPES_H 1
| #define HAVE_SYS_STAT_H 1
| #define HAVE_STDLIB_H 1
| #define HAVE_STRING_H 1
| #define HAVE_MEMORY_H 1
| #define HAVE_STRINGS_H 1
| #define HAVE_INTTYPES_H 1
| #define HAVE_STDINT_H 1
| #define HAVE_UNISTD_H 1
| #define HAVE_DLFCN_H 1
| #define LT_OBJDIR ".libs/"
| #define HAVE_LIBELF 1
| #define HAVE_LIBELF_H 1
| #define HAVE_LIBUSB 1
| #define HAVE_USB_H 1
| #define HAVE_LIBFTDI 1
| #define HAVE_LIBFTDI_TYPE_232H 1
| #define HAVE_PTHREAD_H 1
| #define HAVE_LIMITS_H 1
| #define HAVE_STDLIB_H 1
| #define HAVE_STRING_H 1
| #define HAVE_FCNTL_H 1
| #define HAVE_SYS_IOCTL_H 1
| #define HAVE_SYS_TIME_H 1
| #define HAVE_TERMIOS_H 1
| #define HAVE_UNISTD_H 1
| #define TIME_WITH_SYS_TIME 1
| #define HAVE_MEMSET 1
| #define HAVE_SELECT 1
| #define HAVE_STRCASECMP 1
| #define HAVE_STRDUP 1
| #define HAVE_STRERROR 1
| #define HAVE_STRNCASECMP 1
| #define HAVE_STRTOL 1
| #define HAVE_STRTOUL 1
| #define HAVE_GETTIMEOFDAY 1
| #define HAVE_USLEEP 1
| /* end confdefs.h.  */
| #include <windows.h>
| #include <setupapi.h>
| 
| int
| main ()
| {
| int
| main(void)
| {
|     GUID hidGuid;
|     HidD_GetHidGuid(&hidGuid);
| 
|     return 0;
| }
| 
|   ;
|   return 0;
| }
configure:14333: result: no
configure:14349: checking for uint_t
configure:14349: gcc -c -g -O2  conftest.c >&5
conftest.c: In function 'main':
conftest.c:54:13: error: 'uint_t' undeclared (first use in this function)
 if (sizeof (uint_t))
             ^~~~~~
conftest.c:54:13: note: each undeclared identifier is reported only once for each function it appears in
configure:14349: $? = 1
configure: failed program was:
| /* confdefs.h */
| #define PACKAGE_NAME "avrdude"
| #define PACKAGE_TARNAME "avrdude"
| #define PACKAGE_VERSION "6.3-20160220"
| #define PACKAGE_STRING "avrdude 6.3-20160220"
| #define PACKAGE_BUGREPORT "avrdude-dev@nongnu.org"
| #define PACKAGE_URL ""
| #define PACKAGE "avrdude"
| #define VERSION "6.3-20160220"
| #define STDC_HEADERS 1
| #define HAVE_SYS_TYPES_H 1
| #define HAVE_SYS_STAT_H 1
| #define HAVE_STDLIB_H 1
| #define HAVE_STRING_H 1
| #define HAVE_MEMORY_H 1
| #define HAVE_STRINGS_H 1
| #define HAVE_INTTYPES_H 1
| #define HAVE_STDINT_H 1
| #define HAVE_UNISTD_H 1
| #define HAVE_DLFCN_H 1
| #define LT_OBJDIR ".libs/"
| #define HAVE_LIBELF 1
| #define HAVE_LIBELF_H 1
| #define HAVE_LIBUSB 1
| #define HAVE_USB_H 1
| #define HAVE_LIBFTDI 1
| #define HAVE_LIBFTDI_TYPE_232H 1
| #define HAVE_PTHREAD_H 1
| #define HAVE_LIMITS_H 1
| #define HAVE_STDLIB_H 1
| #define HAVE_STRING_H 1
| #define HAVE_FCNTL_H 1
| #define HAVE_SYS_IOCTL_H 1
| #define HAVE_SYS_TIME_H 1
| #define HAVE_TERMIOS_H 1
| #define HAVE_UNISTD_H 1
| #define TIME_WITH_SYS_TIME 1
| #define HAVE_MEMSET 1
| #define HAVE_SELECT 1
| #define HAVE_STRCASECMP 1
| #define HAVE_STRDUP 1
| #define HAVE_STRERROR 1
| #define HAVE_STRNCASECMP 1
| #define HAVE_STRTOL 1
| #define HAVE_STRTOUL 1
| #define HAVE_GETTIMEOFDAY 1
| #define HAVE_USLEEP 1
| /* end confdefs.h.  */
| #include <sys/types.h>
| 
| int
| main ()
| {
| if (sizeof (uint_t))
| 	 return 0;
|   ;
|   return 0;
| }
configure:14349: result: no
configure:14360: checking for ulong_t
configure:14360: gcc -c -g -O2  conftest.c >&5
conftest.c: In function 'main':
conftest.c:54:13: error: 'ulong_t' undeclared (first use in this function)
 if (sizeof (ulong_t))
             ^~~~~~~
conftest.c:54:13: note: each undeclared identifier is reported only once for each function it appears in
configure:14360: $? = 1
configure: failed program was:
| /* confdefs.h */
| #define PACKAGE_NAME "avrdude"
| #define PACKAGE_TARNAME "avrdude"
| #define PACKAGE_VERSION "6.3-20160220"
| #define PACKAGE_STRING "avrdude 6.3-20160220"
| #define PACKAGE_BUGREPORT "avrdude-dev@nongnu.org"
| #define PACKAGE_URL ""
| #define PACKAGE "avrdude"
| #define VERSION "6.3-20160220"
| #define STDC_HEADERS 1
| #define HAVE_SYS_TYPES_H 1
| #define HAVE_SYS_STAT_H 1
| #define HAVE_STDLIB_H 1
| #define HAVE_STRING_H 1
| #define HAVE_MEMORY_H 1
| #define HAVE_STRINGS_H 1
| #define HAVE_INTTYPES_H 1
| #define HAVE_STDINT_H 1
| #define HAVE_UNISTD_H 1
| #define HAVE_DLFCN_H 1
| #define LT_OBJDIR ".libs/"
| #define HAVE_LIBELF 1
| #define HAVE_LIBELF_H 1
| #define HAVE_LIBUSB 1
| #define HAVE_USB_H 1
| #define HAVE_LIBFTDI 1
| #define HAVE_LIBFTDI_TYPE_232H 1
| #define HAVE_PTHREAD_H 1
| #define HAVE_LIMITS_H 1
| #define HAVE_STDLIB_H 1
| #define HAVE_STRING_H 1
| #define HAVE_FCNTL_H 1
| #define HAVE_SYS_IOCTL_H 1
| #define HAVE_SYS_TIME_H 1
| #define HAVE_TERMIOS_H 1
| #define HAVE_UNISTD_H 1
| #define TIME_WITH_SYS_TIME 1
| #define HAVE_MEMSET 1
| #define HAVE_SELECT 1
| #define HAVE_STRCASECMP 1
| #define HAVE_STRDUP 1
| #define HAVE_STRERROR 1
| #define HAVE_STRNCASECMP 1
| #define HAVE_STRTOL 1
| #define HAVE_STRTOUL 1
| #define HAVE_GETTIMEOFDAY 1
| #define HAVE_USLEEP 1
| /* end confdefs.h.  */
| #include <sys/types.h>
| 
| int
| main ()
| {
| if (sizeof (ulong_t))
| 	 return 0;
|   ;
|   return 0;
| }
configure:14360: result: no
configure:14478: checking for parallel device
configure:14481: parallel port access disabled for this system
configure:14492: checking for serial device
configure:14494: result: /dev/ttyS0
configure:14524: checking if gcc accepts -Wno-pointer-sign 
configure:14541: gcc -c -Wall -Wno-pointer-sign  conftest.c >&5
conftest.c: In function 'main':
conftest.c:53:6: warning: 'main' is normally a non-static function [-Wmain]
  int main () { return 0 ; }
      ^~~~
At top level:
conftest.c:53:6: warning: 'main' defined but not used [-Wunused-function]
configure:14541: $? = 0
configure:14544: result: yes
configure:14784: checking that generated files are newer than configure
configure:14790: result: done
configure:14817: creating ./config.status

## ---------------------- ##
## Running config.status. ##
## ---------------------- ##

This file was extended by avrdude config.status 6.3-20160220, which was
generated by GNU Autoconf 2.69.  Invocation command line was

  CONFIG_FILES    = 
  CONFIG_HEADERS  = 
  CONFIG_LINKS    = 
  CONFIG_COMMANDS = 
  $ ./config.status 

on raspberrypi

config.status:1139: creating doc/Makefile
config.status:1139: creating windows/Makefile
config.status:1139: creating avrdude.spec
config.status:1139: creating Makefile
config.status:1139: creating avrdude.conf.tmp
config.status:1139: creating ac_cfg.h
config.status:1368: executing depfiles commands
config.status:1368: executing libtool commands

## ---------------- ##
## Cache variables. ##
## ---------------- ##

ac_cv_build=armv7l-unknown-linux-gnueabihf
ac_cv_c_compiler_gnu=yes
ac_cv_c_const=yes
ac_cv_env_CC_set=
ac_cv_env_CC_value=
ac_cv_env_CFLAGS_set=
ac_cv_env_CFLAGS_value=
ac_cv_env_CPPFLAGS_set=
ac_cv_env_CPPFLAGS_value=
ac_cv_env_CPP_set=
ac_cv_env_CPP_value=
ac_cv_env_LDFLAGS_set=
ac_cv_env_LDFLAGS_value=
ac_cv_env_LIBS_set=
ac_cv_env_LIBS_value=
ac_cv_env_LT_SYS_LIBRARY_PATH_set=
ac_cv_env_LT_SYS_LIBRARY_PATH_value=
ac_cv_env_YACC_set=
ac_cv_env_YACC_value=
ac_cv_env_YFLAGS_set=
ac_cv_env_YFLAGS_value=
ac_cv_env_build_alias_set=
ac_cv_env_build_alias_value=
ac_cv_env_host_alias_set=
ac_cv_env_host_alias_value=
ac_cv_env_target_alias_set=
ac_cv_env_target_alias_value=
ac_cv_func_gettimeofday=yes
ac_cv_func_memset=yes
ac_cv_func_select=yes
ac_cv_func_strcasecmp=yes
ac_cv_func_strdup=yes
ac_cv_func_strerror=yes
ac_cv_func_strncasecmp=yes
ac_cv_func_strtol=yes
ac_cv_func_strtoul=yes
ac_cv_func_usleep=yes
ac_cv_have_decl_TYPE_232H=yes
ac_cv_header_ddk_hidsdi_h=no
ac_cv_header_dlfcn_h=yes
ac_cv_header_fcntl_h=yes
ac_cv_header_inttypes_h=yes
ac_cv_header_libelf_h=yes
ac_cv_header_libelf_libelf_h=no
ac_cv_header_limits_h=yes
ac_cv_header_lusb0_usb_h=no
ac_cv_header_memory_h=yes
ac_cv_header_pthread_h=yes
ac_cv_header_stdc=yes
ac_cv_header_stdint_h=yes
ac_cv_header_stdlib_h=yes
ac_cv_header_string_h=yes
ac_cv_header_strings_h=yes
ac_cv_header_sys_ioctl_h=yes
ac_cv_header_sys_stat_h=yes
ac_cv_header_sys_time_h=yes
ac_cv_header_sys_types_h=yes
ac_cv_header_termios_h=yes
ac_cv_header_time=yes
ac_cv_header_unistd_h=yes
ac_cv_header_usb_h=yes
ac_cv_host=armv7l-unknown-linux-gnueabihf
ac_cv_lib_elf_elf_getshdrstrndx=yes
ac_cv_lib_ftdi1_ftdi_new=no
ac_cv_lib_ftdi_ftdi_usb_get_strings=yes
ac_cv_lib_ncurses_tputs=no
ac_cv_lib_pthread_pthread_create=yes
ac_cv_lib_readline_readline=no
ac_cv_lib_termcap_tputs=no
ac_cv_lib_usb_1_0_libusb_init=no
ac_cv_lib_usb_libusb_init=no
ac_cv_lib_usb_usb_get_string_simple=yes
ac_cv_lib_ws2_32_puts=no
ac_cv_objext=o
ac_cv_path_EGREP='/bin/grep -E'
ac_cv_path_FGREP='/bin/grep -F'
ac_cv_path_GREP=/bin/grep
ac_cv_path_SED=/bin/sed
ac_cv_path_install='/usr/bin/install -c'
ac_cv_path_lt_DD=/bin/dd
ac_cv_path_mkdir=/bin/mkdir
ac_cv_prog_AR=ar
ac_cv_prog_AWK=mawk
ac_cv_prog_CPP='gcc -E'
ac_cv_prog_ac_ct_AR=ar
ac_cv_prog_ac_ct_CC=gcc
ac_cv_prog_ac_ct_MANIFEST_TOOL=mt
ac_cv_prog_ac_ct_OBJDUMP=objdump
ac_cv_prog_ac_ct_RANLIB=ranlib
ac_cv_prog_ac_ct_STRIP=strip
ac_cv_prog_cc_c89=
ac_cv_prog_cc_g=yes
ac_cv_prog_make_make_set=yes
ac_cv_search_gethostent='none required'
ac_cv_search_hid_init=no
ac_cv_search_setsockopt='none required'
ac_cv_target=armv7l-unknown-linux-gnueabihf
ac_cv_type_uint_t=no
ac_cv_type_ulong_t=no
am_cv_CC_dependencies_compiler_type=gcc3
am_cv_make_support_nested_variables=yes
am_cv_prog_cc_c_o=yes
lt_cv_ar_at_file=@
lt_cv_archive_cmds_need_lc=no
lt_cv_deplibs_check_method=pass_all
lt_cv_file_magic_cmd='$MAGIC_CMD'
lt_cv_file_magic_test_file=
lt_cv_ld_reload_flag=-r
lt_cv_nm_interface='BSD nm'
lt_cv_objdir=.libs
lt_cv_path_LD=/usr/bin/ld
lt_cv_path_NM='/usr/bin/nm -B'
lt_cv_path_mainfest_tool=no
lt_cv_prog_compiler_c_o=yes
lt_cv_prog_compiler_pic='-fPIC -DPIC'
lt_cv_prog_compiler_pic_works=yes
lt_cv_prog_compiler_rtti_exceptions=no
lt_cv_prog_compiler_static_works=yes
lt_cv_prog_gnu_ld=yes
lt_cv_sharedlib_from_linklib_cmd='printf %s\n'
lt_cv_shlibpath_overrides_runpath=no
lt_cv_sys_global_symbol_pipe='sed -n -e '\''s/^.*[	 ]\([ABCDGIRSTW][ABCDGIRSTW]*\)[	 ][	 ]*\([_A-Za-z][_A-Za-z0-9]*\)$/\1 \2 \2/p'\'' | sed '\''/ __gnu_lto/d'\'''
lt_cv_sys_global_symbol_to_c_name_address='sed -n -e '\''s/^: \(.*\) .*$/  {"\1", (void *) 0},/p'\'' -e '\''s/^[ABCDGIRSTW][ABCDGIRSTW]* .* \(.*\)$/  {"\1", (void *) \&\1},/p'\'''
lt_cv_sys_global_symbol_to_c_name_address_lib_prefix='sed -n -e '\''s/^: \(.*\) .*$/  {"\1", (void *) 0},/p'\'' -e '\''s/^[ABCDGIRSTW][ABCDGIRSTW]* .* \(lib.*\)$/  {"\1", (void *) \&\1},/p'\'' -e '\''s/^[ABCDGIRSTW][ABCDGIRSTW]* .* \(.*\)$/  {"lib\1", (void *) \&\1},/p'\'''
lt_cv_sys_global_symbol_to_cdecl='sed -n -e '\''s/^T .* \(.*\)$/extern int \1();/p'\'' -e '\''s/^[ABCDGIRSTW][ABCDGIRSTW]* .* \(.*\)$/extern char \1;/p'\'''
lt_cv_sys_global_symbol_to_import=
lt_cv_sys_max_cmd_len=1572864
lt_cv_to_host_file_cmd=func_convert_file_noop
lt_cv_to_tool_file_cmd=func_convert_file_noop
lt_cv_truncate_bin='/bin/dd bs=4096 count=1'

## ----------------- ##
## Output variables. ##
## ----------------- ##

ACLOCAL='${SHELL} /home/pi/Slic3r/xs/src/avrdude/missing aclocal-1.15'
AMDEPBACKSLASH='\'
AMDEP_FALSE='#'
AMDEP_TRUE=''
AMTAR='$${TAR-tar}'
AM_BACKSLASH='\'
AM_DEFAULT_V='$(AM_DEFAULT_VERBOSITY)'
AM_DEFAULT_VERBOSITY='1'
AM_V='$(V)'
AR='ar'
AUTOCONF='${SHELL} /home/pi/Slic3r/xs/src/avrdude/missing autoconf'
AUTOHEADER='${SHELL} /home/pi/Slic3r/xs/src/avrdude/missing autoheader'
AUTOMAKE='${SHELL} /home/pi/Slic3r/xs/src/avrdude/missing automake-1.15'
AWK='mawk'
CC='gcc'
CCDEPMODE='depmode=gcc3'
CFLAGS='-g -O2'
CPP='gcc -E'
CPPFLAGS=''
CYGPATH_W='echo'
DEFAULT_PAR_PORT='unknown'
DEFAULT_SER_PORT='/dev/ttyS0'
DEFS='-DHAVE_CONFIG_H'
DEPDIR='.deps'
DIST_SUBDIRS_AC='doc windows'
DLLTOOL='false'
DOC_INST_DIR='$(DESTDIR)$(datadir)/doc/avrdude-$(VERSION)'
DSYMUTIL=''
DUMPBIN=''
ECHO_C=''
ECHO_N='-n'
ECHO_T=''
EGREP='/bin/grep -E'
ENABLE_WARNINGS='-Wall -Wno-pointer-sign'
EXEEXT=''
FGREP='/bin/grep -F'
GREP='/bin/grep'
INSTALL_DATA='${INSTALL} -m 644'
INSTALL_PROGRAM='${INSTALL}'
INSTALL_SCRIPT='${INSTALL}'
INSTALL_STRIP_PROGRAM='$(install_sh) -c -s'
LD='/usr/bin/ld'
LDFLAGS=''
LEX=':'
LEXLIB=''
LEX_OUTPUT_ROOT=''
LIBELF='-lelf'
LIBFTDI1=''
LIBFTDI='-lftdi -lusb'
LIBHID=''
LIBHIDAPI=''
LIBOBJS=''
LIBPTHREAD='-lpthread'
LIBS=''
LIBTOOL='$(SHELL) $(top_builddir)/libtool'
LIBUSB='-lusb'
LIBUSB_1_0=''
LIPO=''
LN_S='ln -s'
LTLIBOBJS=''
LT_SYS_LIBRARY_PATH=''
MAKEINFO='${SHELL} /home/pi/Slic3r/xs/src/avrdude/missing makeinfo'
MANIFEST_TOOL=':'
MKDIR_P='/bin/mkdir -p'
NM='/usr/bin/nm -B'
NMEDIT=''
OBJDUMP='objdump'
OBJEXT='o'
OTOOL64=''
OTOOL=''
PACKAGE='avrdude'
PACKAGE_BUGREPORT='avrdude-dev@nongnu.org'
PACKAGE_NAME='avrdude'
PACKAGE_STRING='avrdude 6.3-20160220'
PACKAGE_TARNAME='avrdude'
PACKAGE_URL=''
PACKAGE_VERSION='6.3-20160220'
PATH_SEPARATOR=':'
RANLIB='ranlib'
SED='/bin/sed'
SET_MAKE=''
SHELL='/bin/bash'
STRIP='strip'
SUBDIRS_AC=''
VERSION='6.3-20160220'
WINDOWS_DIRS=''
YACC='yacc'
YFLAGS=''
ac_ct_AR='ar'
ac_ct_CC='gcc'
ac_ct_DUMPBIN=''
am__EXEEXT_FALSE=''
am__EXEEXT_TRUE='#'
am__fastdepCC_FALSE='#'
am__fastdepCC_TRUE=''
am__include='include'
am__isrc=''
am__leading_dot='.'
am__nodep='_no'
am__quote=''
am__tar='$${TAR-tar} chof - "$$tardir"'
am__untar='$${TAR-tar} xf -'
bindir='${exec_prefix}/bin'
build='armv7l-unknown-linux-gnueabihf'
build_alias=''
build_cpu='armv7l'
build_os='linux-gnueabihf'
build_vendor='unknown'
datadir='${datarootdir}'
datarootdir='${prefix}/share'
docdir='${datarootdir}/doc/${PACKAGE_TARNAME}'
dvidir='${docdir}'
exec_prefix='${prefix}'
host='armv7l-unknown-linux-gnueabihf'
host_alias=''
host_cpu='armv7l'
host_os='linux-gnueabihf'
host_vendor='unknown'
htmldir='${docdir}'
includedir='${prefix}/include'
infodir='${datarootdir}/info'
install_sh='${SHELL} /home/pi/Slic3r/xs/src/avrdude/install-sh'
libdir='${exec_prefix}/lib'
libexecdir='${exec_prefix}/libexec'
localedir='${datarootdir}/locale'
localstatedir='${prefix}/var'
mandir='${datarootdir}/man'
mkdir_p='$(MKDIR_P)'
oldincludedir='/usr/include'
pdfdir='${docdir}'
prefix='/usr/local'
program_transform_name='s,x,x,'
psdir='${docdir}'
runstatedir='${localstatedir}/run'
sbindir='${exec_prefix}/sbin'
sharedstatedir='${prefix}/com'
sysconfdir='${prefix}/etc'
target='armv7l-unknown-linux-gnueabihf'
target_alias=''
target_cpu='armv7l'
target_os='linux-gnueabihf'
target_vendor='unknown'

## ----------- ##
## confdefs.h. ##
## ----------- ##

/* confdefs.h */
#define PACKAGE_NAME "avrdude"
#define PACKAGE_TARNAME "avrdude"
#define PACKAGE_VERSION "6.3-20160220"
#define PACKAGE_STRING "avrdude 6.3-20160220"
#define PACKAGE_BUGREPORT "avrdude-dev@nongnu.org"
#define PACKAGE_URL ""
#define PACKAGE "avrdude"
#define VERSION "6.3-20160220"
#define STDC_HEADERS 1
#define HAVE_SYS_TYPES_H 1
#define HAVE_SYS_STAT_H 1
#define HAVE_STDLIB_H 1
#define HAVE_STRING_H 1
#define HAVE_MEMORY_H 1
#define HAVE_STRINGS_H 1
#define HAVE_INTTYPES_H 1
#define HAVE_STDINT_H 1
#define HAVE_UNISTD_H 1
#define HAVE_DLFCN_H 1
#define LT_OBJDIR ".libs/"
#define HAVE_LIBELF 1
#define HAVE_LIBELF_H 1
#define HAVE_LIBUSB 1
#define HAVE_USB_H 1
#define HAVE_LIBFTDI 1
#define HAVE_LIBFTDI_TYPE_232H 1
#define HAVE_PTHREAD_H 1
#define HAVE_LIMITS_H 1
#define HAVE_STDLIB_H 1
#define HAVE_STRING_H 1
#define HAVE_FCNTL_H 1
#define HAVE_SYS_IOCTL_H 1
#define HAVE_SYS_TIME_H 1
#define HAVE_TERMIOS_H 1
#define HAVE_UNISTD_H 1
#define TIME_WITH_SYS_TIME 1
#define HAVE_MEMSET 1
#define HAVE_SELECT 1
#define HAVE_STRCASECMP 1
#define HAVE_STRDUP 1
#define HAVE_STRERROR 1
#define HAVE_STRNCASECMP 1
#define HAVE_STRTOL 1
#define HAVE_STRTOUL 1
#define HAVE_GETTIMEOFDAY 1
#define HAVE_USLEEP 1

configure: exit 0
